  BaseModel.cpp
C:\Users\Jeong\Desktop\PersonalDx11Engine\PersonalDx11Engine\Model.h(100,33): warning C4267: '=': conversion from 'size_t' to 'UINT', possible loss of data
  (compiling source file 'BaseModel.cpp')
      C:\Users\Jeong\Desktop\PersonalDx11Engine\PersonalDx11Engine\Model.h(100,33):
      the template instantiation context (the oldest one first) is
          C:\Users\Jeong\Desktop\PersonalDx11Engine\PersonalDx11Engine\BaseModel.cpp(14,9):
          see reference to function template instantiation 'const bool UModel::Initialize<UModel::FVertexData>(ID3D11Device *,const T *,const size_t)' being compiled
          with
          [
              T=UModel::FVertexData
          ]
          C:\Users\Jeong\Desktop\PersonalDx11Engine\PersonalDx11Engine\Model.h(73,17):
          see reference to function template instantiation 'const bool UModel::CreateVertexBuffer<T>(ID3D11Device *,const T *,const size_t)' being compiled
          with
          [
              T=UModel::FVertexData
          ]
  
  Camera.cpp
  CollisionComponent.cpp
  CollisionDetector.cpp
  CollisionEventDispatcher.cpp
  CollisionManager.cpp
  CollisionResponseCalculator.cpp
  DynamicAABBTree.cpp
  InputManager.cpp
  main.cpp
C:\Users\Jeong\Desktop\PersonalDx11Engine\PersonalDx11Engine\RscUtil.h(88,57): warning C4267: 'argument': conversion from 'size_t' to 'UINT', possible loss of data
  (compiling source file 'main.cpp')
  
C:\Users\Jeong\Desktop\PersonalDx11Engine\PersonalDx11Engine\main.cpp(106,2): warning C4002: too many arguments for function-like macro invocation 'assert'
C:\Users\Jeong\Desktop\PersonalDx11Engine\PersonalDx11Engine\main.cpp(109,2): warning C4002: too many arguments for function-like macro invocation 'assert'
C:\Users\Jeong\Desktop\PersonalDx11Engine\PersonalDx11Engine\main.cpp(112,2): warning C4002: too many arguments for function-like macro invocation 'assert'
C:\Users\Jeong\Desktop\PersonalDx11Engine\PersonalDx11Engine\main.cpp(115,2): warning C4002: too many arguments for function-like macro invocation 'assert'
  Math.cpp
  Model.cpp
C:\Users\Jeong\Desktop\PersonalDx11Engine\PersonalDx11Engine\Model.h(100,33): warning C4267: '=': conversion from 'size_t' to 'UINT', possible loss of data
  (compiling source file 'Model.cpp')
      C:\Users\Jeong\Desktop\PersonalDx11Engine\PersonalDx11Engine\Model.h(100,33):
      the template instantiation context (the oldest one first) is
          C:\Users\Jeong\Desktop\PersonalDx11Engine\PersonalDx11Engine\Model.cpp(16,8):
          see reference to function template instantiation 'const bool UModel::Initialize<UModel::FVertexSimple>(ID3D11Device *,const T *,const size_t)' being compiled
          with
          [
              T=UModel::FVertexSimple
          ]
          C:\Users\Jeong\Desktop\PersonalDx11Engine\PersonalDx11Engine\Model.h(73,17):
          see reference to function template instantiation 'const bool UModel::CreateVertexBuffer<T>(ID3D11Device *,const T *,const size_t)' being compiled
          with
          [
              T=UModel::FVertexSimple
          ]
  
  GameObject.cpp
  Renderer.cpp
  RigidBodyComponent.cpp
  Transform.cpp
  Generating Code...
  PersonalDx11Engine.vcxproj -> C:\Users\Jeong\Desktop\PersonalDx11Engine\x64\Debug\PersonalDx11Engine.exe
