c:\users\jeong\desktop\personaldx11engine\personaldx11engine\x64\debug\vc143.pdb
c:\users\jeong\desktop\personaldx11engine\personaldx11engine\x64\debug\vc143.idb
c:\users\jeong\desktop\personaldx11engine\personaldx11engine\x64\debug\main.obj
c:\users\jeong\desktop\personaldx11engine\personaldx11engine\x64\debug\inputmanager.obj
c:\users\jeong\desktop\personaldx11engine\personaldx11engine\x64\debug\imgui_widgets.obj
c:\users\jeong\desktop\personaldx11engine\personaldx11engine\x64\debug\imgui_tables.obj
c:\users\jeong\desktop\personaldx11engine\personaldx11engine\x64\debug\imgui_impl_win32.obj
c:\users\jeong\desktop\personaldx11engine\personaldx11engine\x64\debug\imgui_impl_dx11.obj
c:\users\jeong\desktop\personaldx11engine\personaldx11engine\x64\debug\imgui_draw.obj
c:\users\jeong\desktop\personaldx11engine\personaldx11engine\x64\debug\imgui_demo.obj
c:\users\jeong\desktop\personaldx11engine\personaldx11engine\x64\debug\imgui.obj
c:\users\jeong\desktop\personaldx11engine\personaldx11engine\x64\debug\dynamicaabbtree.obj
c:\users\jeong\desktop\personaldx11engine\personaldx11engine\x64\debug\d3dshader.obj
c:\users\jeong\desktop\personaldx11engine\personaldx11engine\x64\debug\d3d.obj
c:\users\jeong\desktop\personaldx11engine\personaldx11engine\x64\debug\collisionresponsecalculator.obj
c:\users\jeong\desktop\personaldx11engine\personaldx11engine\x64\debug\collisionmanager.obj
c:\users\jeong\desktop\personaldx11engine\personaldx11engine\x64\debug\collisioneventdispatcher.obj
c:\users\jeong\desktop\personaldx11engine\personaldx11engine\x64\debug\collisiondetector.obj
c:\users\jeong\desktop\personaldx11engine\personaldx11engine\x64\debug\collisioncomponent.obj
c:\users\jeong\desktop\personaldx11engine\personaldx11engine\x64\debug\camera.obj
c:\users\jeong\desktop\personaldx11engine\personaldx11engine\x64\debug\basemodel.obj
c:\users\jeong\desktop\personaldx11engine\personaldx11engine\x64\debug\actorcomponent.obj
c:\users\jeong\desktop\personaldx11engine\personaldx11engine\x64\debug\transform.obj
c:\users\jeong\desktop\personaldx11engine\personaldx11engine\x64\debug\rigidbodycomponent.obj
c:\users\jeong\desktop\personaldx11engine\personaldx11engine\x64\debug\renderer.obj
c:\users\jeong\desktop\personaldx11engine\personaldx11engine\x64\debug\gameobject.obj
c:\users\jeong\desktop\personaldx11engine\personaldx11engine\x64\debug\model.obj
c:\users\jeong\desktop\personaldx11engine\personaldx11engine\x64\debug\math.obj
c:\users\jeong\desktop\personaldx11engine\x64\debug\personaldx11engine.exe
c:\users\jeong\desktop\personaldx11engine\x64\debug\personaldx11engine.pdb
c:\users\jeong\desktop\personaldx11engine\personaldx11engine\x64\debug\personaldx11engine.ilk
c:\users\jeong\desktop\personaldx11engine\personaldx11engine\x64\debug\personal.1de44759.tlog\cl.command.1.tlog
c:\users\jeong\desktop\personaldx11engine\personaldx11engine\x64\debug\personal.1de44759.tlog\cl.items.tlog
c:\users\jeong\desktop\personaldx11engine\personaldx11engine\x64\debug\personal.1de44759.tlog\cl.read.1.tlog
c:\users\jeong\desktop\personaldx11engine\personaldx11engine\x64\debug\personal.1de44759.tlog\cl.write.1.tlog
c:\users\jeong\desktop\personaldx11engine\personaldx11engine\x64\debug\personal.1de44759.tlog\link.command.1.tlog
c:\users\jeong\desktop\personaldx11engine\personaldx11engine\x64\debug\personal.1de44759.tlog\link.read.1.tlog
c:\users\jeong\desktop\personaldx11engine\personaldx11engine\x64\debug\personal.1de44759.tlog\link.secondary.1.tlog
c:\users\jeong\desktop\personaldx11engine\personaldx11engine\x64\debug\personal.1de44759.tlog\link.write.1.tlog
